2025-04-24T12:27:20.312+03:00  INFO 18064 --- [clothingstore] [main] c.c.ClothingstoreApplication             : Starting ClothingstoreApplication using Java 23.0.2 with PID 18064 (C:\java.pr\clothingstore\target\classes started by kamin in C:\java.pr\clothingstore)
2025-04-24T12:27:20.325+03:00 DEBUG 18064 --- [clothingstore] [main] c.c.ClothingstoreApplication             : Running with Spring Boot v3.4.3, Spring v6.2.3
2025-04-24T12:27:20.327+03:00  INFO 18064 --- [clothingstore] [main] c.c.ClothingstoreApplication             : No active profile set, falling back to 1 default profile: "default"
2025-04-24T12:27:21.710+03:00  INFO 18064 --- [clothingstore] [main] .s.d.r.c.RepositoryConfigurationDelegate : Bootstrapping Spring Data JPA repositories in DEFAULT mode.
2025-04-24T12:27:21.846+03:00  INFO 18064 --- [clothingstore] [main] .s.d.r.c.RepositoryConfigurationDelegate : Finished Spring Data repository scanning in 108 ms. Found 2 JPA repository interfaces.
2025-04-24T12:27:23.297+03:00  INFO 18064 --- [clothingstore] [main] o.s.b.w.embedded.tomcat.TomcatWebServer  : Tomcat initialized with port 8080 (http)
2025-04-24T12:27:23.318+03:00  INFO 18064 --- [clothingstore] [main] o.apache.catalina.core.StandardService   : Starting service [Tomcat]
2025-04-24T12:27:23.319+03:00  INFO 18064 --- [clothingstore] [main] o.apache.catalina.core.StandardEngine    : Starting Servlet engine: [Apache Tomcat/10.1.36]
2025-04-24T12:27:23.419+03:00  INFO 18064 --- [clothingstore] [main] o.a.c.c.C.[Tomcat].[localhost].[/]       : Initializing Spring embedded WebApplicationContext
2025-04-24T12:27:23.419+03:00  INFO 18064 --- [clothingstore] [main] w.s.c.ServletWebServerApplicationContext : Root WebApplicationContext: initialization completed in 2947 ms
2025-04-24T12:27:23.721+03:00  INFO 18064 --- [clothingstore] [main] o.hibernate.jpa.internal.util.LogHelper  : HHH000204: Processing PersistenceUnitInfo [name: default]
2025-04-24T12:27:23.824+03:00  INFO 18064 --- [clothingstore] [main] org.hibernate.Version                    : HHH000412: Hibernate ORM core version 6.6.8.Final
2025-04-24T12:27:23.881+03:00  INFO 18064 --- [clothingstore] [main] o.h.c.internal.RegionFactoryInitiator    : HHH000026: Second-level cache disabled
2025-04-24T12:27:24.424+03:00  INFO 18064 --- [clothingstore] [main] o.s.o.j.p.SpringPersistenceUnitInfo      : No LoadTimeWeaver setup: ignoring JPA class transformer
2025-04-24T12:27:24.522+03:00  INFO 18064 --- [clothingstore] [main] com.zaxxer.hikari.HikariDataSource       : HikariPool-1 - Starting...
2025-04-24T12:27:25.159+03:00  INFO 18064 --- [clothingstore] [main] com.zaxxer.hikari.pool.HikariPool        : HikariPool-1 - Added connection org.postgresql.jdbc.PgConnection@5d2e6f62
2025-04-24T12:27:25.162+03:00  INFO 18064 --- [clothingstore] [main] com.zaxxer.hikari.HikariDataSource       : HikariPool-1 - Start completed.
2025-04-24T12:27:25.588+03:00  INFO 18064 --- [clothingstore] [main] org.hibernate.orm.connections.pooling    : HHH10001005: Database info:
	Database JDBC URL [Connecting through datasource 'HikariDataSource (HikariPool-1)']
	Database driver: undefined/unknown
	Database version: 17.4
	Autocommit mode: undefined/unknown
	Isolation level: undefined/unknown
	Minimum pool size: undefined/unknown
	Maximum pool size: undefined/unknown
2025-04-24T12:27:27.117+03:00  INFO 18064 --- [clothingstore] [main] o.h.e.t.j.p.i.JtaPlatformInitiator       : HHH000489: No JTA platform available (set 'hibernate.transaction.jta.platform' to enable JTA platform integration)
2025-04-24T12:27:27.725+03:00  INFO 18064 --- [clothingstore] [main] j.LocalContainerEntityManagerFactoryBean : Initialized JPA EntityManagerFactory for persistence unit 'default'
2025-04-24T12:27:28.335+03:00  INFO 18064 --- [clothingstore] [main] o.s.d.j.r.query.QueryEnhancerFactory     : Hibernate is in classpath; If applicable, HQL parser will be used.
2025-04-24T12:27:29.483+03:00  WARN 18064 --- [clothingstore] [main] JpaBaseConfiguration$JpaWebConfiguration : spring.jpa.open-in-view is enabled by default. Therefore, database queries may be performed during view rendering. Explicitly configure spring.jpa.open-in-view to disable this warning
2025-04-24T12:27:30.461+03:00  INFO 18064 --- [clothingstore] [main] o.s.b.w.embedded.tomcat.TomcatWebServer  : Tomcat started on port 8080 (http) with context path '/'
2025-04-24T12:27:30.471+03:00  INFO 18064 --- [clothingstore] [main] c.c.ClothingstoreApplication             : Started ClothingstoreApplication in 11.231 seconds (process running for 12.77)
2025-04-24T12:27:42.290+03:00  INFO 18064 --- [clothingstore] [http-nio-8080-exec-2] o.a.c.c.C.[Tomcat].[localhost].[/]       : Initializing Spring DispatcherServlet 'dispatcherServlet'
2025-04-24T12:27:42.291+03:00  INFO 18064 --- [clothingstore] [http-nio-8080-exec-2] o.s.web.servlet.DispatcherServlet        : Initializing Servlet 'dispatcherServlet'
2025-04-24T12:27:42.292+03:00  INFO 18064 --- [clothingstore] [http-nio-8080-exec-2] o.s.web.servlet.DispatcherServlet        : Completed initialization in 1 ms
2025-04-24T12:27:42.450+03:00  INFO 18064 --- [clothingstore] [http-nio-8080-exec-2] c.clothingstore.logging.LoggingAspect    : Вызов метода: ClothingItemController.createItemsBulk(..)
2025-04-24T12:27:42.824+03:00  INFO 18064 --- [clothingstore] [http-nio-8080-exec-2] c.c.service.ClothingItemService          : Saved 2/2 items (0 failed validation)
2025-04-24T12:27:42.827+03:00  INFO 18064 --- [clothingstore] [http-nio-8080-exec-2] c.clothingstore.logging.LoggingAspect    : Метод createItemsBulk завершился успешно. Результат: <201 CREATED Created,[com.clothingstore.model.ClothingItem@65f486d6, com.clothingstore.model.ClothingItem@236dfad0],[]>
2025-04-24T12:31:12.724+03:00  INFO 18064 --- [clothingstore] [SpringApplicationShutdownHook] o.s.b.w.e.tomcat.GracefulShutdown        : Commencing graceful shutdown. Waiting for active requests to complete
2025-04-24T12:31:12.744+03:00  INFO 18064 --- [clothingstore] [tomcat-shutdown] o.s.b.w.e.tomcat.GracefulShutdown        : Graceful shutdown complete
2025-04-24T12:31:12.750+03:00  INFO 18064 --- [clothingstore] [SpringApplicationShutdownHook] j.LocalContainerEntityManagerFactoryBean : Closing JPA EntityManagerFactory for persistence unit 'default'
2025-04-24T12:31:12.754+03:00  INFO 18064 --- [clothingstore] [SpringApplicationShutdownHook] com.zaxxer.hikari.HikariDataSource       : HikariPool-1 - Shutdown initiated...
2025-04-24T12:31:12.761+03:00  INFO 18064 --- [clothingstore] [SpringApplicationShutdownHook] com.zaxxer.hikari.HikariDataSource       : HikariPool-1 - Shutdown completed.
2025-04-24T12:31:36.059+03:00  INFO 1552 --- [clothingstore] [main] c.c.ClothingstoreApplicationTests        : Starting ClothingstoreApplicationTests using Java 23.0.2 with PID 1552 (started by kamin in C:\java.pr\clothingstore)
2025-04-24T12:31:36.063+03:00 DEBUG 1552 --- [clothingstore] [main] c.c.ClothingstoreApplicationTests        : Running with Spring Boot v3.4.3, Spring v6.2.3
2025-04-24T12:31:36.065+03:00  INFO 1552 --- [clothingstore] [main] c.c.ClothingstoreApplicationTests        : No active profile set, falling back to 1 default profile: "default"
2025-04-24T12:31:37.623+03:00  INFO 1552 --- [clothingstore] [main] .s.d.r.c.RepositoryConfigurationDelegate : Bootstrapping Spring Data JPA repositories in DEFAULT mode.
2025-04-24T12:31:37.742+03:00  INFO 1552 --- [clothingstore] [main] .s.d.r.c.RepositoryConfigurationDelegate : Finished Spring Data repository scanning in 89 ms. Found 2 JPA repository interfaces.
2025-04-24T12:31:40.531+03:00  INFO 1552 --- [clothingstore] [main] o.hibernate.jpa.internal.util.LogHelper  : HHH000204: Processing PersistenceUnitInfo [name: default]
2025-04-24T12:31:40.761+03:00  INFO 1552 --- [clothingstore] [main] org.hibernate.Version                    : HHH000412: Hibernate ORM core version 6.6.8.Final
2025-04-24T12:31:40.879+03:00  INFO 1552 --- [clothingstore] [main] o.h.c.internal.RegionFactoryInitiator    : HHH000026: Second-level cache disabled
2025-04-24T12:31:41.217+03:00  INFO 1552 --- [clothingstore] [main] o.s.o.j.p.SpringPersistenceUnitInfo      : No LoadTimeWeaver setup: ignoring JPA class transformer
2025-04-24T12:31:41.335+03:00  INFO 1552 --- [clothingstore] [main] com.zaxxer.hikari.HikariDataSource       : HikariPool-1 - Starting...
2025-04-24T12:31:42.394+03:00  INFO 1552 --- [clothingstore] [main] com.zaxxer.hikari.pool.HikariPool        : HikariPool-1 - Added connection org.postgresql.jdbc.PgConnection@7bd42f9b
2025-04-24T12:31:42.398+03:00  INFO 1552 --- [clothingstore] [main] com.zaxxer.hikari.HikariDataSource       : HikariPool-1 - Start completed.
2025-04-24T12:31:42.712+03:00  INFO 1552 --- [clothingstore] [main] org.hibernate.orm.connections.pooling    : HHH10001005: Database info:
	Database JDBC URL [Connecting through datasource 'HikariDataSource (HikariPool-1)']
	Database driver: undefined/unknown
	Database version: 17.4
	Autocommit mode: undefined/unknown
	Isolation level: undefined/unknown
	Minimum pool size: undefined/unknown
	Maximum pool size: undefined/unknown
2025-04-24T12:31:45.083+03:00  INFO 1552 --- [clothingstore] [main] o.h.e.t.j.p.i.JtaPlatformInitiator       : HHH000489: No JTA platform available (set 'hibernate.transaction.jta.platform' to enable JTA platform integration)
2025-04-24T12:31:45.381+03:00  INFO 1552 --- [clothingstore] [main] j.LocalContainerEntityManagerFactoryBean : Initialized JPA EntityManagerFactory for persistence unit 'default'
2025-04-24T12:31:46.473+03:00  INFO 1552 --- [clothingstore] [main] o.s.d.j.r.query.QueryEnhancerFactory     : Hibernate is in classpath; If applicable, HQL parser will be used.
2025-04-24T12:31:49.026+03:00  WARN 1552 --- [clothingstore] [main] JpaBaseConfiguration$JpaWebConfiguration : spring.jpa.open-in-view is enabled by default. Therefore, database queries may be performed during view rendering. Explicitly configure spring.jpa.open-in-view to disable this warning
2025-04-24T12:31:50.530+03:00  INFO 1552 --- [clothingstore] [main] c.c.ClothingstoreApplicationTests        : Started ClothingstoreApplicationTests in 15.309 seconds (process running for 22.527)
2025-04-24T12:31:50.726+03:00  INFO 1552 --- [clothingstore] [main] c.c.service.ClothingItemService          : Fetching 'items_by_name_shirt' from cache...
2025-04-24T12:31:50.739+03:00  INFO 1552 --- [clothingstore] [main] c.c.service.ClothingItemService          : Fetching 'items_by_rating_5' from cache...
2025-04-24T12:31:50.750+03:00  INFO 1552 --- [clothingstore] [main] c.c.service.ClothingItemService          : Fetching 'all_items' from cache...
2025-04-24T12:31:50.767+03:00  INFO 1552 --- [clothingstore] [main] c.c.service.ClothingItemService          : Fetching 'items_by_name_jeans' from database and storing in cache...
2025-04-24T12:31:50.777+03:00  INFO 1552 --- [clothingstore] [main] c.c.service.ClothingItemService          : Fetching 'items_by_rating_4' from database and storing in cache...
2025-04-24T12:31:50.789+03:00  INFO 1552 --- [clothingstore] [main] c.c.service.ClothingItemService          : Fetching 'item_1' from database and storing in cache...
2025-04-24T12:31:50.812+03:00  INFO 1552 --- [clothingstore] [main] c.c.service.ClothingItemService          : Fetching 'item_1' from cache...
2025-04-24T12:31:50.822+03:00  INFO 1552 --- [clothingstore] [main] c.c.service.ClothingItemService          : Fetching 'all_items' from database and storing in cache...
2025-04-24T12:31:50.990+03:00  WARN 1552 --- [clothingstore] [main] c.c.service.ClothingItemService          : Item validation failed: [ConstraintViolationImpl{interpolatedMessage='Название должно содержать от 2 до 100 символов', propertyPath=name, rootBeanClass=class com.clothingstore.model.ClothingItem, messageTemplate='Название должно содержать от 2 до 100 символов'}, ConstraintViolationImpl{interpolatedMessage='Цена должна быть больше 0', propertyPath=price, rootBeanClass=class com.clothingstore.model.ClothingItem, messageTemplate='Цена должна быть больше 0'}, ConstraintViolationImpl{interpolatedMessage='Название товара не может быть пустым', propertyPath=name, rootBeanClass=class com.clothingstore.model.ClothingItem, messageTemplate='Название товара не может быть пустым'}]
2025-04-24T12:31:50.992+03:00  INFO 1552 --- [clothingstore] [main] c.c.service.ClothingItemService          : Saved 1/3 items (2 failed validation)
2025-04-24T12:31:51.012+03:00  INFO 1552 --- [clothingstore] [SpringApplicationShutdownHook] j.LocalContainerEntityManagerFactoryBean : Closing JPA EntityManagerFactory for persistence unit 'default'
2025-04-24T12:31:51.018+03:00  INFO 1552 --- [clothingstore] [SpringApplicationShutdownHook] com.zaxxer.hikari.HikariDataSource       : HikariPool-1 - Shutdown initiated...
2025-04-24T12:31:51.025+03:00  INFO 1552 --- [clothingstore] [SpringApplicationShutdownHook] com.zaxxer.hikari.HikariDataSource       : HikariPool-1 - Shutdown completed.
2025-04-24T12:32:08.114+03:00  INFO 13500 --- [clothingstore] [main] c.c.ClothingstoreApplication             : Starting ClothingstoreApplication using Java 23.0.2 with PID 13500 (C:\java.pr\clothingstore\target\classes started by kamin in C:\java.pr\clothingstore)
2025-04-24T12:32:08.118+03:00 DEBUG 13500 --- [clothingstore] [main] c.c.ClothingstoreApplication             : Running with Spring Boot v3.4.3, Spring v6.2.3
2025-04-24T12:32:08.119+03:00  INFO 13500 --- [clothingstore] [main] c.c.ClothingstoreApplication             : No active profile set, falling back to 1 default profile: "default"
2025-04-24T12:32:08.952+03:00  INFO 13500 --- [clothingstore] [main] .s.d.r.c.RepositoryConfigurationDelegate : Bootstrapping Spring Data JPA repositories in DEFAULT mode.
2025-04-24T12:32:09.048+03:00  INFO 13500 --- [clothingstore] [main] .s.d.r.c.RepositoryConfigurationDelegate : Finished Spring Data repository scanning in 80 ms. Found 2 JPA repository interfaces.
2025-04-24T12:32:10.302+03:00  INFO 13500 --- [clothingstore] [main] o.s.b.w.embedded.tomcat.TomcatWebServer  : Tomcat initialized with port 8080 (http)
2025-04-24T12:32:10.321+03:00  INFO 13500 --- [clothingstore] [main] o.apache.catalina.core.StandardService   : Starting service [Tomcat]
2025-04-24T12:32:10.322+03:00  INFO 13500 --- [clothingstore] [main] o.apache.catalina.core.StandardEngine    : Starting Servlet engine: [Apache Tomcat/10.1.36]
2025-04-24T12:32:10.427+03:00  INFO 13500 --- [clothingstore] [main] o.a.c.c.C.[Tomcat].[localhost].[/]       : Initializing Spring embedded WebApplicationContext
2025-04-24T12:32:10.428+03:00  INFO 13500 --- [clothingstore] [main] w.s.c.ServletWebServerApplicationContext : Root WebApplicationContext: initialization completed in 2217 ms
2025-04-24T12:32:10.746+03:00  INFO 13500 --- [clothingstore] [main] o.hibernate.jpa.internal.util.LogHelper  : HHH000204: Processing PersistenceUnitInfo [name: default]
2025-04-24T12:32:10.822+03:00  INFO 13500 --- [clothingstore] [main] org.hibernate.Version                    : HHH000412: Hibernate ORM core version 6.6.8.Final
2025-04-24T12:32:10.866+03:00  INFO 13500 --- [clothingstore] [main] o.h.c.internal.RegionFactoryInitiator    : HHH000026: Second-level cache disabled
2025-04-24T12:32:11.280+03:00  INFO 13500 --- [clothingstore] [main] o.s.o.j.p.SpringPersistenceUnitInfo      : No LoadTimeWeaver setup: ignoring JPA class transformer
2025-04-24T12:32:11.321+03:00  INFO 13500 --- [clothingstore] [main] com.zaxxer.hikari.HikariDataSource       : HikariPool-1 - Starting...
2025-04-24T12:32:11.678+03:00  INFO 13500 --- [clothingstore] [main] com.zaxxer.hikari.pool.HikariPool        : HikariPool-1 - Added connection org.postgresql.jdbc.PgConnection@6814262d
2025-04-24T12:32:11.681+03:00  INFO 13500 --- [clothingstore] [main] com.zaxxer.hikari.HikariDataSource       : HikariPool-1 - Start completed.
2025-04-24T12:32:11.812+03:00  INFO 13500 --- [clothingstore] [main] org.hibernate.orm.connections.pooling    : HHH10001005: Database info:
	Database JDBC URL [Connecting through datasource 'HikariDataSource (HikariPool-1)']
	Database driver: undefined/unknown
	Database version: 17.4
	Autocommit mode: undefined/unknown
	Isolation level: undefined/unknown
	Minimum pool size: undefined/unknown
	Maximum pool size: undefined/unknown
2025-04-24T12:32:13.288+03:00  INFO 13500 --- [clothingstore] [main] o.h.e.t.j.p.i.JtaPlatformInitiator       : HHH000489: No JTA platform available (set 'hibernate.transaction.jta.platform' to enable JTA platform integration)
2025-04-24T12:32:13.480+03:00  INFO 13500 --- [clothingstore] [main] j.LocalContainerEntityManagerFactoryBean : Initialized JPA EntityManagerFactory for persistence unit 'default'
2025-04-24T12:32:14.073+03:00  INFO 13500 --- [clothingstore] [main] o.s.d.j.r.query.QueryEnhancerFactory     : Hibernate is in classpath; If applicable, HQL parser will be used.
2025-04-24T12:32:15.050+03:00  WARN 13500 --- [clothingstore] [main] JpaBaseConfiguration$JpaWebConfiguration : spring.jpa.open-in-view is enabled by default. Therefore, database queries may be performed during view rendering. Explicitly configure spring.jpa.open-in-view to disable this warning
2025-04-24T12:32:15.984+03:00  INFO 13500 --- [clothingstore] [main] o.s.b.w.embedded.tomcat.TomcatWebServer  : Tomcat started on port 8080 (http) with context path '/'
2025-04-24T12:32:15.994+03:00  INFO 13500 --- [clothingstore] [main] c.c.ClothingstoreApplication             : Started ClothingstoreApplication in 8.528 seconds (process running for 9.707)
2025-04-24T13:39:08.677+03:00  INFO 13500 --- [clothingstore] [http-nio-8080-exec-2] o.a.c.c.C.[Tomcat].[localhost].[/]       : Initializing Spring DispatcherServlet 'dispatcherServlet'
2025-04-24T13:39:08.689+03:00  INFO 13500 --- [clothingstore] [http-nio-8080-exec-2] o.s.web.servlet.DispatcherServlet        : Initializing Servlet 'dispatcherServlet'
2025-04-24T13:39:08.758+03:00  INFO 13500 --- [clothingstore] [http-nio-8080-exec-2] o.s.web.servlet.DispatcherServlet        : Completed initialization in 67 ms
2025-04-24T13:39:09.221+03:00  INFO 13500 --- [clothingstore] [http-nio-8080-exec-2] c.clothingstore.logging.LoggingAspect    : Вызов метода: ClothingItemController.createItemsBulk(..)
2025-04-24T13:39:11.775+03:00  INFO 13500 --- [clothingstore] [http-nio-8080-exec-2] c.c.service.ClothingItemService          : Saved 2/2 items (0 failed validation)
2025-04-24T13:39:11.780+03:00  INFO 13500 --- [clothingstore] [http-nio-8080-exec-2] c.clothingstore.logging.LoggingAspect    : Метод createItemsBulk завершился успешно. Результат: <201 CREATED Created,[com.clothingstore.model.ClothingItem@dae2de7, com.clothingstore.model.ClothingItem@6ebd5ab0],[]>
2025-04-24T13:40:50.281+03:00  INFO 13500 --- [clothingstore] [SpringApplicationShutdownHook] o.s.b.w.e.tomcat.GracefulShutdown        : Commencing graceful shutdown. Waiting for active requests to complete
2025-04-24T13:40:50.294+03:00  INFO 13500 --- [clothingstore] [tomcat-shutdown] o.s.b.w.e.tomcat.GracefulShutdown        : Graceful shutdown complete
2025-04-24T13:40:50.311+03:00  INFO 13500 --- [clothingstore] [SpringApplicationShutdownHook] j.LocalContainerEntityManagerFactoryBean : Closing JPA EntityManagerFactory for persistence unit 'default'
2025-04-24T13:40:50.330+03:00  INFO 13500 --- [clothingstore] [SpringApplicationShutdownHook] com.zaxxer.hikari.HikariDataSource       : HikariPool-1 - Shutdown initiated...
2025-04-24T13:40:50.340+03:00  INFO 13500 --- [clothingstore] [SpringApplicationShutdownHook] com.zaxxer.hikari.HikariDataSource       : HikariPool-1 - Shutdown completed.
