2025-04-30T09:05:47.682+03:00  INFO 10652 --- [clothingstore] [main] c.c.ClothingstoreApplication             : Starting ClothingstoreApplication using Java 23.0.2 with PID 10652 (C:\java.pr\clothingstore\target\classes started by kamin in C:\java.pr\clothingstore)
2025-04-30T09:05:47.690+03:00 DEBUG 10652 --- [clothingstore] [main] c.c.ClothingstoreApplication             : Running with Spring Boot v3.4.3, Spring v6.2.3
2025-04-30T09:05:47.691+03:00  INFO 10652 --- [clothingstore] [main] c.c.ClothingstoreApplication             : No active profile set, falling back to 1 default profile: "default"
2025-04-30T09:05:48.638+03:00  INFO 10652 --- [clothingstore] [main] .s.d.r.c.RepositoryConfigurationDelegate : Bootstrapping Spring Data JPA repositories in DEFAULT mode.
2025-04-30T09:05:48.710+03:00  INFO 10652 --- [clothingstore] [main] .s.d.r.c.RepositoryConfigurationDelegate : Finished Spring Data repository scanning in 58 ms. Found 2 JPA repository interfaces.
2025-04-30T09:05:50.153+03:00  INFO 10652 --- [clothingstore] [main] o.s.b.w.embedded.tomcat.TomcatWebServer  : Tomcat initialized with port 8080 (http)
2025-04-30T09:05:50.172+03:00  INFO 10652 --- [clothingstore] [main] o.apache.catalina.core.StandardService   : Starting service [Tomcat]
2025-04-30T09:05:50.173+03:00  INFO 10652 --- [clothingstore] [main] o.apache.catalina.core.StandardEngine    : Starting Servlet engine: [Apache Tomcat/10.1.36]
2025-04-30T09:05:50.268+03:00  INFO 10652 --- [clothingstore] [main] o.a.c.c.C.[Tomcat].[localhost].[/]       : Initializing Spring embedded WebApplicationContext
2025-04-30T09:05:50.269+03:00  INFO 10652 --- [clothingstore] [main] w.s.c.ServletWebServerApplicationContext : Root WebApplicationContext: initialization completed in 2458 ms
2025-04-30T09:05:50.566+03:00  INFO 10652 --- [clothingstore] [main] o.hibernate.jpa.internal.util.LogHelper  : HHH000204: Processing PersistenceUnitInfo [name: default]
2025-04-30T09:05:50.667+03:00  INFO 10652 --- [clothingstore] [main] org.hibernate.Version                    : HHH000412: Hibernate ORM core version 6.6.8.Final
2025-04-30T09:05:50.719+03:00  INFO 10652 --- [clothingstore] [main] o.h.c.internal.RegionFactoryInitiator    : HHH000026: Second-level cache disabled
2025-04-30T09:05:51.175+03:00  INFO 10652 --- [clothingstore] [main] o.s.o.j.p.SpringPersistenceUnitInfo      : No LoadTimeWeaver setup: ignoring JPA class transformer
2025-04-30T09:05:51.224+03:00  INFO 10652 --- [clothingstore] [main] com.zaxxer.hikari.HikariDataSource       : HikariPool-1 - Starting...
2025-04-30T09:05:51.964+03:00  INFO 10652 --- [clothingstore] [main] com.zaxxer.hikari.pool.HikariPool        : HikariPool-1 - Added connection org.postgresql.jdbc.PgConnection@45c423b3
2025-04-30T09:05:51.966+03:00  INFO 10652 --- [clothingstore] [main] com.zaxxer.hikari.HikariDataSource       : HikariPool-1 - Start completed.
2025-04-30T09:05:52.400+03:00  INFO 10652 --- [clothingstore] [main] org.hibernate.orm.connections.pooling    : HHH10001005: Database info:
	Database JDBC URL [Connecting through datasource 'HikariDataSource (HikariPool-1)']
	Database driver: undefined/unknown
	Database version: 17.4
	Autocommit mode: undefined/unknown
	Isolation level: undefined/unknown
	Minimum pool size: undefined/unknown
	Maximum pool size: undefined/unknown
2025-04-30T09:05:53.923+03:00  INFO 10652 --- [clothingstore] [main] o.h.e.t.j.p.i.JtaPlatformInitiator       : HHH000489: No JTA platform available (set 'hibernate.transaction.jta.platform' to enable JTA platform integration)
2025-04-30T09:05:54.500+03:00  INFO 10652 --- [clothingstore] [main] j.LocalContainerEntityManagerFactoryBean : Initialized JPA EntityManagerFactory for persistence unit 'default'
2025-04-30T09:05:55.078+03:00  INFO 10652 --- [clothingstore] [main] o.s.d.j.r.query.QueryEnhancerFactory     : Hibernate is in classpath; If applicable, HQL parser will be used.
2025-04-30T09:05:56.279+03:00  WARN 10652 --- [clothingstore] [main] JpaBaseConfiguration$JpaWebConfiguration : spring.jpa.open-in-view is enabled by default. Therefore, database queries may be performed during view rendering. Explicitly configure spring.jpa.open-in-view to disable this warning
2025-04-30T09:05:57.316+03:00  INFO 10652 --- [clothingstore] [main] o.s.b.w.embedded.tomcat.TomcatWebServer  : Tomcat started on port 8080 (http) with context path '/'
2025-04-30T09:05:57.326+03:00  INFO 10652 --- [clothingstore] [main] c.c.ClothingstoreApplication             : Started ClothingstoreApplication in 10.628 seconds (process running for 11.972)
2025-04-30T09:06:57.401+03:00  INFO 10652 --- [clothingstore] [http-nio-8080-exec-2] o.a.c.c.C.[Tomcat].[localhost].[/]       : Initializing Spring DispatcherServlet 'dispatcherServlet'
2025-04-30T09:06:57.402+03:00  INFO 10652 --- [clothingstore] [http-nio-8080-exec-2] o.s.web.servlet.DispatcherServlet        : Initializing Servlet 'dispatcherServlet'
2025-04-30T09:06:57.405+03:00  INFO 10652 --- [clothingstore] [http-nio-8080-exec-2] o.s.web.servlet.DispatcherServlet        : Completed initialization in 1 ms
2025-04-30T09:06:57.482+03:00  INFO 10652 --- [clothingstore] [http-nio-8080-exec-2] c.clothingstore.logging.LoggingAspect    : Вызов метода: LogController.createLogFile()
2025-04-30T09:07:02.497+03:00  INFO 10652 --- [clothingstore] [http-nio-8080-exec-2] c.clothingstore.logging.LoggingAspect    : Метод createLogFile завершился успешно. Результат: <202 ACCEPTED Accepted,Task started. ID: 7ef6956a-bd16-444b-b92f-95052da708b8,[]>
2025-04-30T09:07:17.121+03:00  INFO 10652 --- [clothingstore] [http-nio-8080-exec-4] c.clothingstore.logging.LoggingAspect    : Вызов метода: LogController.getStatus(..)
2025-04-30T09:07:17.123+03:00  INFO 10652 --- [clothingstore] [http-nio-8080-exec-4] c.clothingstore.logging.LoggingAspect    : Метод getStatus завершился успешно. Результат: <200 OK OK,DONE,[]>
2025-04-30T09:07:24.515+03:00 ERROR 10652 --- [clothingstore] [http-nio-8080-exec-3] c.c.exception.GlobalExceptionHandler     : Unhandled exception: 

java.lang.IllegalStateException: Ambiguous handler methods mapped for '/api/logs/7ef6956a-bd16-444b-b92f-95052da708b8': {public org.springframework.http.ResponseEntity com.clothingstore.controller.LogController.getLogsByDate(java.lang.String), public org.springframework.http.ResponseEntity com.clothingstore.controller.LogController.getLogFile(java.lang.String)}
	at org.springframework.web.servlet.handler.AbstractHandlerMethodMapping.lookupHandlerMethod(AbstractHandlerMethodMapping.java:431) ~[spring-webmvc-6.2.3.jar:6.2.3]
	at org.springframework.web.servlet.handler.AbstractHandlerMethodMapping.getHandlerInternal(AbstractHandlerMethodMapping.java:382) ~[spring-webmvc-6.2.3.jar:6.2.3]
	at org.springframework.web.servlet.mvc.method.RequestMappingInfoHandlerMapping.getHandlerInternal(RequestMappingInfoHandlerMapping.java:127) ~[spring-webmvc-6.2.3.jar:6.2.3]
	at org.springframework.web.servlet.mvc.method.RequestMappingInfoHandlerMapping.getHandlerInternal(RequestMappingInfoHandlerMapping.java:68) ~[spring-webmvc-6.2.3.jar:6.2.3]
	at org.springframework.web.servlet.handler.AbstractHandlerMapping.getHandler(AbstractHandlerMapping.java:509) ~[spring-webmvc-6.2.3.jar:6.2.3]
	at org.springframework.web.servlet.DispatcherServlet.getHandler(DispatcherServlet.java:1283) ~[spring-webmvc-6.2.3.jar:6.2.3]
	at org.springframework.web.servlet.DispatcherServlet.doDispatch(DispatcherServlet.java:1064) ~[spring-webmvc-6.2.3.jar:6.2.3]
	at org.springframework.web.servlet.DispatcherServlet.doService(DispatcherServlet.java:978) ~[spring-webmvc-6.2.3.jar:6.2.3]
	at org.springframework.web.servlet.FrameworkServlet.processRequest(FrameworkServlet.java:1014) ~[spring-webmvc-6.2.3.jar:6.2.3]
	at org.springframework.web.servlet.FrameworkServlet.doGet(FrameworkServlet.java:903) ~[spring-webmvc-6.2.3.jar:6.2.3]
	at jakarta.servlet.http.HttpServlet.service(HttpServlet.java:564) ~[tomcat-embed-core-10.1.36.jar:6.0]
	at org.springframework.web.servlet.FrameworkServlet.service(FrameworkServlet.java:885) ~[spring-webmvc-6.2.3.jar:6.2.3]
	at jakarta.servlet.http.HttpServlet.service(HttpServlet.java:658) ~[tomcat-embed-core-10.1.36.jar:6.0]
	at org.apache.catalina.core.ApplicationFilterChain.internalDoFilter(ApplicationFilterChain.java:195) ~[tomcat-embed-core-10.1.36.jar:10.1.36]
	at org.apache.catalina.core.ApplicationFilterChain.doFilter(ApplicationFilterChain.java:140) ~[tomcat-embed-core-10.1.36.jar:10.1.36]
	at org.apache.tomcat.websocket.server.WsFilter.doFilter(WsFilter.java:51) ~[tomcat-embed-websocket-10.1.36.jar:10.1.36]
	at org.apache.catalina.core.ApplicationFilterChain.internalDoFilter(ApplicationFilterChain.java:164) ~[tomcat-embed-core-10.1.36.jar:10.1.36]
	at org.apache.catalina.core.ApplicationFilterChain.doFilter(ApplicationFilterChain.java:140) ~[tomcat-embed-core-10.1.36.jar:10.1.36]
	at org.springframework.web.filter.RequestContextFilter.doFilterInternal(RequestContextFilter.java:100) ~[spring-web-6.2.3.jar:6.2.3]
	at org.springframework.web.filter.OncePerRequestFilter.doFilter(OncePerRequestFilter.java:116) ~[spring-web-6.2.3.jar:6.2.3]
	at org.apache.catalina.core.ApplicationFilterChain.internalDoFilter(ApplicationFilterChain.java:164) ~[tomcat-embed-core-10.1.36.jar:10.1.36]
	at org.apache.catalina.core.ApplicationFilterChain.doFilter(ApplicationFilterChain.java:140) ~[tomcat-embed-core-10.1.36.jar:10.1.36]
	at org.springframework.web.filter.FormContentFilter.doFilterInternal(FormContentFilter.java:93) ~[spring-web-6.2.3.jar:6.2.3]
	at org.springframework.web.filter.OncePerRequestFilter.doFilter(OncePerRequestFilter.java:116) ~[spring-web-6.2.3.jar:6.2.3]
	at org.apache.catalina.core.ApplicationFilterChain.internalDoFilter(ApplicationFilterChain.java:164) ~[tomcat-embed-core-10.1.36.jar:10.1.36]
	at org.apache.catalina.core.ApplicationFilterChain.doFilter(ApplicationFilterChain.java:140) ~[tomcat-embed-core-10.1.36.jar:10.1.36]
	at org.springframework.web.filter.CharacterEncodingFilter.doFilterInternal(CharacterEncodingFilter.java:201) ~[spring-web-6.2.3.jar:6.2.3]
	at org.springframework.web.filter.OncePerRequestFilter.doFilter(OncePerRequestFilter.java:116) ~[spring-web-6.2.3.jar:6.2.3]
	at org.apache.catalina.core.ApplicationFilterChain.internalDoFilter(ApplicationFilterChain.java:164) ~[tomcat-embed-core-10.1.36.jar:10.1.36]
	at org.apache.catalina.core.ApplicationFilterChain.doFilter(ApplicationFilterChain.java:140) ~[tomcat-embed-core-10.1.36.jar:10.1.36]
	at org.apache.catalina.core.StandardWrapperValve.invoke(StandardWrapperValve.java:167) ~[tomcat-embed-core-10.1.36.jar:10.1.36]
	at org.apache.catalina.core.StandardContextValve.invoke(StandardContextValve.java:90) ~[tomcat-embed-core-10.1.36.jar:10.1.36]
	at org.apache.catalina.authenticator.AuthenticatorBase.invoke(AuthenticatorBase.java:483) ~[tomcat-embed-core-10.1.36.jar:10.1.36]
	at org.apache.catalina.core.StandardHostValve.invoke(StandardHostValve.java:115) ~[tomcat-embed-core-10.1.36.jar:10.1.36]
	at org.apache.catalina.valves.ErrorReportValve.invoke(ErrorReportValve.java:93) ~[tomcat-embed-core-10.1.36.jar:10.1.36]
	at org.apache.catalina.core.StandardEngineValve.invoke(StandardEngineValve.java:74) ~[tomcat-embed-core-10.1.36.jar:10.1.36]
	at org.apache.catalina.connector.CoyoteAdapter.service(CoyoteAdapter.java:344) ~[tomcat-embed-core-10.1.36.jar:10.1.36]
	at org.apache.coyote.http11.Http11Processor.service(Http11Processor.java:397) ~[tomcat-embed-core-10.1.36.jar:10.1.36]
	at org.apache.coyote.AbstractProcessorLight.process(AbstractProcessorLight.java:63) ~[tomcat-embed-core-10.1.36.jar:10.1.36]
	at org.apache.coyote.AbstractProtocol$ConnectionHandler.process(AbstractProtocol.java:905) ~[tomcat-embed-core-10.1.36.jar:10.1.36]
	at org.apache.tomcat.util.net.NioEndpoint$SocketProcessor.doRun(NioEndpoint.java:1743) ~[tomcat-embed-core-10.1.36.jar:10.1.36]
	at org.apache.tomcat.util.net.SocketProcessorBase.run(SocketProcessorBase.java:52) ~[tomcat-embed-core-10.1.36.jar:10.1.36]
	at org.apache.tomcat.util.threads.ThreadPoolExecutor.runWorker(ThreadPoolExecutor.java:1190) ~[tomcat-embed-core-10.1.36.jar:10.1.36]
	at org.apache.tomcat.util.threads.ThreadPoolExecutor$Worker.run(ThreadPoolExecutor.java:659) ~[tomcat-embed-core-10.1.36.jar:10.1.36]
	at org.apache.tomcat.util.threads.TaskThread$WrappingRunnable.run(TaskThread.java:63) ~[tomcat-embed-core-10.1.36.jar:10.1.36]
	at java.base/java.lang.Thread.run(Thread.java:1575) ~[na:na]

2025-04-30T09:08:00.319+03:00  INFO 10652 --- [clothingstore] [SpringApplicationShutdownHook] o.s.b.w.e.tomcat.GracefulShutdown        : Commencing graceful shutdown. Waiting for active requests to complete
2025-04-30T09:08:00.330+03:00  INFO 10652 --- [clothingstore] [tomcat-shutdown] o.s.b.w.e.tomcat.GracefulShutdown        : Graceful shutdown complete
2025-04-30T09:08:00.336+03:00  INFO 10652 --- [clothingstore] [SpringApplicationShutdownHook] j.LocalContainerEntityManagerFactoryBean : Closing JPA EntityManagerFactory for persistence unit 'default'
2025-04-30T09:08:00.340+03:00  INFO 10652 --- [clothingstore] [SpringApplicationShutdownHook] com.zaxxer.hikari.HikariDataSource       : HikariPool-1 - Shutdown initiated...
2025-04-30T09:08:00.347+03:00  INFO 10652 --- [clothingstore] [SpringApplicationShutdownHook] com.zaxxer.hikari.HikariDataSource       : HikariPool-1 - Shutdown completed.
2025-04-30T09:08:07.351+03:00  INFO 6712 --- [clothingstore] [main] c.c.ClothingstoreApplication             : Starting ClothingstoreApplication using Java 23.0.2 with PID 6712 (C:\java.pr\clothingstore\target\classes started by kamin in C:\java.pr\clothingstore)
2025-04-30T09:08:07.353+03:00 DEBUG 6712 --- [clothingstore] [main] c.c.ClothingstoreApplication             : Running with Spring Boot v3.4.3, Spring v6.2.3
2025-04-30T09:08:07.354+03:00  INFO 6712 --- [clothingstore] [main] c.c.ClothingstoreApplication             : No active profile set, falling back to 1 default profile: "default"
2025-04-30T09:08:08.184+03:00  INFO 6712 --- [clothingstore] [main] .s.d.r.c.RepositoryConfigurationDelegate : Bootstrapping Spring Data JPA repositories in DEFAULT mode.
2025-04-30T09:08:08.250+03:00  INFO 6712 --- [clothingstore] [main] .s.d.r.c.RepositoryConfigurationDelegate : Finished Spring Data repository scanning in 53 ms. Found 2 JPA repository interfaces.
2025-04-30T09:08:09.550+03:00  INFO 6712 --- [clothingstore] [main] o.s.b.w.embedded.tomcat.TomcatWebServer  : Tomcat initialized with port 8080 (http)
2025-04-30T09:08:09.568+03:00  INFO 6712 --- [clothingstore] [main] o.apache.catalina.core.StandardService   : Starting service [Tomcat]
2025-04-30T09:08:09.569+03:00  INFO 6712 --- [clothingstore] [main] o.apache.catalina.core.StandardEngine    : Starting Servlet engine: [Apache Tomcat/10.1.36]
2025-04-30T09:08:09.661+03:00  INFO 6712 --- [clothingstore] [main] o.a.c.c.C.[Tomcat].[localhost].[/]       : Initializing Spring embedded WebApplicationContext
2025-04-30T09:08:09.661+03:00  INFO 6712 --- [clothingstore] [main] w.s.c.ServletWebServerApplicationContext : Root WebApplicationContext: initialization completed in 2209 ms
2025-04-30T09:08:09.950+03:00  INFO 6712 --- [clothingstore] [main] o.hibernate.jpa.internal.util.LogHelper  : HHH000204: Processing PersistenceUnitInfo [name: default]
2025-04-30T09:08:10.043+03:00  INFO 6712 --- [clothingstore] [main] org.hibernate.Version                    : HHH000412: Hibernate ORM core version 6.6.8.Final
2025-04-30T09:08:10.095+03:00  INFO 6712 --- [clothingstore] [main] o.h.c.internal.RegionFactoryInitiator    : HHH000026: Second-level cache disabled
2025-04-30T09:08:10.552+03:00  INFO 6712 --- [clothingstore] [main] o.s.o.j.p.SpringPersistenceUnitInfo      : No LoadTimeWeaver setup: ignoring JPA class transformer
2025-04-30T09:08:10.603+03:00  INFO 6712 --- [clothingstore] [main] com.zaxxer.hikari.HikariDataSource       : HikariPool-1 - Starting...
2025-04-30T09:08:12.962+03:00  INFO 6712 --- [clothingstore] [main] com.zaxxer.hikari.pool.HikariPool        : HikariPool-1 - Added connection org.postgresql.jdbc.PgConnection@50672905
2025-04-30T09:08:12.965+03:00  INFO 6712 --- [clothingstore] [main] com.zaxxer.hikari.HikariDataSource       : HikariPool-1 - Start completed.
2025-04-30T09:08:13.132+03:00  INFO 6712 --- [clothingstore] [main] org.hibernate.orm.connections.pooling    : HHH10001005: Database info:
	Database JDBC URL [Connecting through datasource 'HikariDataSource (HikariPool-1)']
	Database driver: undefined/unknown
	Database version: 17.4
	Autocommit mode: undefined/unknown
	Isolation level: undefined/unknown
	Minimum pool size: undefined/unknown
	Maximum pool size: undefined/unknown
2025-04-30T09:08:14.766+03:00  INFO 6712 --- [clothingstore] [main] o.h.e.t.j.p.i.JtaPlatformInitiator       : HHH000489: No JTA platform available (set 'hibernate.transaction.jta.platform' to enable JTA platform integration)
2025-04-30T09:08:14.994+03:00  INFO 6712 --- [clothingstore] [main] j.LocalContainerEntityManagerFactoryBean : Initialized JPA EntityManagerFactory for persistence unit 'default'
2025-04-30T09:08:15.594+03:00  INFO 6712 --- [clothingstore] [main] o.s.d.j.r.query.QueryEnhancerFactory     : Hibernate is in classpath; If applicable, HQL parser will be used.
2025-04-30T09:08:16.732+03:00  WARN 6712 --- [clothingstore] [main] JpaBaseConfiguration$JpaWebConfiguration : spring.jpa.open-in-view is enabled by default. Therefore, database queries may be performed during view rendering. Explicitly configure spring.jpa.open-in-view to disable this warning
2025-04-30T09:08:17.752+03:00  INFO 6712 --- [clothingstore] [main] o.s.b.w.embedded.tomcat.TomcatWebServer  : Tomcat started on port 8080 (http) with context path '/'
2025-04-30T09:08:17.761+03:00  INFO 6712 --- [clothingstore] [main] c.c.ClothingstoreApplication             : Started ClothingstoreApplication in 11.084 seconds (process running for 12.188)
2025-04-30T09:08:26.932+03:00  INFO 6712 --- [clothingstore] [http-nio-8080-exec-1] o.a.c.c.C.[Tomcat].[localhost].[/]       : Initializing Spring DispatcherServlet 'dispatcherServlet'
2025-04-30T09:08:26.932+03:00  INFO 6712 --- [clothingstore] [http-nio-8080-exec-1] o.s.web.servlet.DispatcherServlet        : Initializing Servlet 'dispatcherServlet'
2025-04-30T09:08:26.934+03:00  INFO 6712 --- [clothingstore] [http-nio-8080-exec-1] o.s.web.servlet.DispatcherServlet        : Completed initialization in 2 ms
2025-04-30T09:08:26.991+03:00  INFO 6712 --- [clothingstore] [http-nio-8080-exec-1] c.clothingstore.logging.LoggingAspect    : Вызов метода: LogController.getLogsByDate(..)
2025-04-30T09:08:27.010+03:00  INFO 6712 --- [clothingstore] [http-nio-8080-exec-1] c.clothingstore.logging.LoggingAspect    : Метод getLogsByDate завершился успешно. Результат: <200 OK OK,2025-04-30T09:07:02.497+03:00  INFO 10652 --- [clothingstore] [http-nio-8080-exec-2] c.clothingstore.logging.LoggingAspect    : Метод createLogFile завершился успешно. Результат: <202 ACCEPTED Accepted,Task started. ID: 7ef6956a-bd16-444b-b92f-95052da708b8,[]>
java.lang.IllegalStateException: Ambiguous handler methods mapped for '/api/logs/7ef6956a-bd16-444b-b92f-95052da708b8': {public org.springframework.http.ResponseEntity com.clothingstore.controller.LogController.getLogsByDate(java.lang.String), public org.springframework.http.ResponseEntity com.clothingstore.controller.LogController.getLogFile(java.lang.String)},[Content-Type:"text/plain"]>
2025-04-30T09:08:45.795+03:00  INFO 6712 --- [clothingstore] [http-nio-8080-exec-3] c.clothingstore.logging.LoggingAspect    : Вызов метода: LogController.getLogsFromGeneratedFile(..)
2025-04-30T09:08:45.796+03:00  INFO 6712 --- [clothingstore] [http-nio-8080-exec-3] c.clothingstore.logging.LoggingAspect    : Метод getLogsFromGeneratedFile завершился успешно. Результат: <404 NOT_FOUND Not Found,Log file not found for ID: 7ef6956a-bd16-444b-b92f-95052da708b8,[]>
2025-04-30T09:08:55.770+03:00  INFO 6712 --- [clothingstore] [http-nio-8080-exec-4] c.clothingstore.logging.LoggingAspect    : Вызов метода: LogController.createLogFile()
