2025-05-05T09:23:38.103+03:00  INFO 12424 --- [clothingstore] [main] c.c.ClothingstoreApplication             : Starting ClothingstoreApplication using Java 23.0.2 with PID 12424 (C:\Clothing--main\target\classes started by kamin in C:\Clothing--main)
2025-05-05T09:23:38.109+03:00 DEBUG 12424 --- [clothingstore] [main] c.c.ClothingstoreApplication             : Running with Spring Boot v3.4.3, Spring v6.2.3
2025-05-05T09:23:38.110+03:00  INFO 12424 --- [clothingstore] [main] c.c.ClothingstoreApplication             : No active profile set, falling back to 1 default profile: "default"
2025-05-05T09:23:38.960+03:00  INFO 12424 --- [clothingstore] [main] .s.d.r.c.RepositoryConfigurationDelegate : Bootstrapping Spring Data JPA repositories in DEFAULT mode.
2025-05-05T09:23:39.031+03:00  INFO 12424 --- [clothingstore] [main] .s.d.r.c.RepositoryConfigurationDelegate : Finished Spring Data repository scanning in 58 ms. Found 2 JPA repository interfaces.
2025-05-05T09:23:40.390+03:00  INFO 12424 --- [clothingstore] [main] o.s.b.w.embedded.tomcat.TomcatWebServer  : Tomcat initialized with port 8080 (http)
2025-05-05T09:23:40.415+03:00  INFO 12424 --- [clothingstore] [main] o.apache.catalina.core.StandardService   : Starting service [Tomcat]
2025-05-05T09:23:40.415+03:00  INFO 12424 --- [clothingstore] [main] o.apache.catalina.core.StandardEngine    : Starting Servlet engine: [Apache Tomcat/10.1.36]
2025-05-05T09:23:40.497+03:00  INFO 12424 --- [clothingstore] [main] o.a.c.c.C.[Tomcat].[localhost].[/]       : Initializing Spring embedded WebApplicationContext
2025-05-05T09:23:40.498+03:00  INFO 12424 --- [clothingstore] [main] w.s.c.ServletWebServerApplicationContext : Root WebApplicationContext: initialization completed in 2301 ms
2025-05-05T09:23:40.769+03:00  INFO 12424 --- [clothingstore] [main] o.hibernate.jpa.internal.util.LogHelper  : HHH000204: Processing PersistenceUnitInfo [name: default]
2025-05-05T09:23:40.867+03:00  INFO 12424 --- [clothingstore] [main] org.hibernate.Version                    : HHH000412: Hibernate ORM core version 6.6.8.Final
2025-05-05T09:23:40.921+03:00  INFO 12424 --- [clothingstore] [main] o.h.c.internal.RegionFactoryInitiator    : HHH000026: Second-level cache disabled
2025-05-05T09:23:41.382+03:00  INFO 12424 --- [clothingstore] [main] o.s.o.j.p.SpringPersistenceUnitInfo      : No LoadTimeWeaver setup: ignoring JPA class transformer
2025-05-05T09:23:41.428+03:00  INFO 12424 --- [clothingstore] [main] com.zaxxer.hikari.HikariDataSource       : HikariPool-1 - Starting...
2025-05-05T09:23:42.468+03:00  INFO 12424 --- [clothingstore] [main] com.zaxxer.hikari.pool.HikariPool        : HikariPool-1 - Added connection org.postgresql.jdbc.PgConnection@12aa519b
2025-05-05T09:23:42.471+03:00  INFO 12424 --- [clothingstore] [main] com.zaxxer.hikari.HikariDataSource       : HikariPool-1 - Start completed.
2025-05-05T09:23:42.971+03:00  INFO 12424 --- [clothingstore] [main] org.hibernate.orm.connections.pooling    : HHH10001005: Database info:
	Database JDBC URL [Connecting through datasource 'HikariDataSource (HikariPool-1)']
	Database driver: undefined/unknown
	Database version: 17.4
	Autocommit mode: undefined/unknown
	Isolation level: undefined/unknown
	Minimum pool size: undefined/unknown
	Maximum pool size: undefined/unknown
2025-05-05T09:23:44.467+03:00  INFO 12424 --- [clothingstore] [main] o.h.e.t.j.p.i.JtaPlatformInitiator       : HHH000489: No JTA platform available (set 'hibernate.transaction.jta.platform' to enable JTA platform integration)
2025-05-05T09:23:44.912+03:00  INFO 12424 --- [clothingstore] [main] j.LocalContainerEntityManagerFactoryBean : Initialized JPA EntityManagerFactory for persistence unit 'default'
2025-05-05T09:23:45.605+03:00  INFO 12424 --- [clothingstore] [main] o.s.d.j.r.query.QueryEnhancerFactory     : Hibernate is in classpath; If applicable, HQL parser will be used.
2025-05-05T09:23:46.596+03:00  WARN 12424 --- [clothingstore] [main] JpaBaseConfiguration$JpaWebConfiguration : spring.jpa.open-in-view is enabled by default. Therefore, database queries may be performed during view rendering. Explicitly configure spring.jpa.open-in-view to disable this warning
2025-05-05T09:23:47.598+03:00  INFO 12424 --- [clothingstore] [main] o.s.b.w.embedded.tomcat.TomcatWebServer  : Tomcat started on port 8080 (http) with context path '/'
2025-05-05T09:23:47.610+03:00  INFO 12424 --- [clothingstore] [main] c.c.ClothingstoreApplication             : Started ClothingstoreApplication in 10.256 seconds (process running for 11.455)
2025-05-05T09:28:20.640+03:00  INFO 12424 --- [clothingstore] [SpringApplicationShutdownHook] o.s.b.w.e.tomcat.GracefulShutdown        : Commencing graceful shutdown. Waiting for active requests to complete
2025-05-05T09:28:20.651+03:00  INFO 12424 --- [clothingstore] [tomcat-shutdown] o.s.b.w.e.tomcat.GracefulShutdown        : Graceful shutdown complete
2025-05-05T09:28:20.657+03:00  INFO 12424 --- [clothingstore] [SpringApplicationShutdownHook] j.LocalContainerEntityManagerFactoryBean : Closing JPA EntityManagerFactory for persistence unit 'default'
2025-05-05T09:28:20.660+03:00  INFO 12424 --- [clothingstore] [SpringApplicationShutdownHook] com.zaxxer.hikari.HikariDataSource       : HikariPool-1 - Shutdown initiated...
2025-05-05T09:28:20.665+03:00  INFO 12424 --- [clothingstore] [SpringApplicationShutdownHook] com.zaxxer.hikari.HikariDataSource       : HikariPool-1 - Shutdown completed.
2025-05-05T09:53:01.502+03:00  INFO 8724 --- [clothingstore] [main] c.c.ClothingstoreApplication             : Starting ClothingstoreApplication using Java 23.0.2 with PID 8724 (C:\Clothing--main\target\classes started by kamin in C:\Clothing--main)
2025-05-05T09:53:01.504+03:00 DEBUG 8724 --- [clothingstore] [main] c.c.ClothingstoreApplication             : Running with Spring Boot v3.4.3, Spring v6.2.3
2025-05-05T09:53:01.506+03:00  INFO 8724 --- [clothingstore] [main] c.c.ClothingstoreApplication             : No active profile set, falling back to 1 default profile: "default"
2025-05-05T09:53:02.395+03:00  INFO 8724 --- [clothingstore] [main] .s.d.r.c.RepositoryConfigurationDelegate : Bootstrapping Spring Data JPA repositories in DEFAULT mode.
2025-05-05T09:53:02.480+03:00  INFO 8724 --- [clothingstore] [main] .s.d.r.c.RepositoryConfigurationDelegate : Finished Spring Data repository scanning in 71 ms. Found 2 JPA repository interfaces.
2025-05-05T09:53:03.786+03:00  INFO 8724 --- [clothingstore] [main] o.s.b.w.embedded.tomcat.TomcatWebServer  : Tomcat initialized with port 8080 (http)
2025-05-05T09:53:03.804+03:00  INFO 8724 --- [clothingstore] [main] o.apache.catalina.core.StandardService   : Starting service [Tomcat]
2025-05-05T09:53:03.805+03:00  INFO 8724 --- [clothingstore] [main] o.apache.catalina.core.StandardEngine    : Starting Servlet engine: [Apache Tomcat/10.1.36]
2025-05-05T09:53:03.883+03:00  INFO 8724 --- [clothingstore] [main] o.a.c.c.C.[Tomcat].[localhost].[/]       : Initializing Spring embedded WebApplicationContext
2025-05-05T09:53:03.883+03:00  INFO 8724 --- [clothingstore] [main] w.s.c.ServletWebServerApplicationContext : Root WebApplicationContext: initialization completed in 2271 ms
2025-05-05T09:53:04.161+03:00  INFO 8724 --- [clothingstore] [main] o.hibernate.jpa.internal.util.LogHelper  : HHH000204: Processing PersistenceUnitInfo [name: default]
2025-05-05T09:53:04.247+03:00  INFO 8724 --- [clothingstore] [main] org.hibernate.Version                    : HHH000412: Hibernate ORM core version 6.6.8.Final
2025-05-05T09:53:04.296+03:00  INFO 8724 --- [clothingstore] [main] o.h.c.internal.RegionFactoryInitiator    : HHH000026: Second-level cache disabled
2025-05-05T09:53:04.714+03:00  INFO 8724 --- [clothingstore] [main] o.s.o.j.p.SpringPersistenceUnitInfo      : No LoadTimeWeaver setup: ignoring JPA class transformer
2025-05-05T09:53:04.755+03:00  INFO 8724 --- [clothingstore] [main] com.zaxxer.hikari.HikariDataSource       : HikariPool-1 - Starting...
2025-05-05T09:53:05.548+03:00  INFO 8724 --- [clothingstore] [main] com.zaxxer.hikari.pool.HikariPool        : HikariPool-1 - Added connection org.postgresql.jdbc.PgConnection@64665781
2025-05-05T09:53:05.551+03:00  INFO 8724 --- [clothingstore] [main] com.zaxxer.hikari.HikariDataSource       : HikariPool-1 - Start completed.
2025-05-05T09:53:05.938+03:00  INFO 8724 --- [clothingstore] [main] org.hibernate.orm.connections.pooling    : HHH10001005: Database info:
	Database JDBC URL [Connecting through datasource 'HikariDataSource (HikariPool-1)']
	Database driver: undefined/unknown
	Database version: 17.4
	Autocommit mode: undefined/unknown
	Isolation level: undefined/unknown
	Minimum pool size: undefined/unknown
	Maximum pool size: undefined/unknown
2025-05-05T09:53:07.317+03:00  INFO 8724 --- [clothingstore] [main] o.h.e.t.j.p.i.JtaPlatformInitiator       : HHH000489: No JTA platform available (set 'hibernate.transaction.jta.platform' to enable JTA platform integration)
2025-05-05T09:53:07.856+03:00  INFO 8724 --- [clothingstore] [main] j.LocalContainerEntityManagerFactoryBean : Initialized JPA EntityManagerFactory for persistence unit 'default'
2025-05-05T09:53:08.380+03:00  INFO 8724 --- [clothingstore] [main] o.s.d.j.r.query.QueryEnhancerFactory     : Hibernate is in classpath; If applicable, HQL parser will be used.
2025-05-05T09:53:09.431+03:00  WARN 8724 --- [clothingstore] [main] JpaBaseConfiguration$JpaWebConfiguration : spring.jpa.open-in-view is enabled by default. Therefore, database queries may be performed during view rendering. Explicitly configure spring.jpa.open-in-view to disable this warning
2025-05-05T09:53:10.448+03:00  INFO 8724 --- [clothingstore] [main] o.s.b.w.embedded.tomcat.TomcatWebServer  : Tomcat started on port 8080 (http) with context path '/'
2025-05-05T09:53:10.457+03:00  INFO 8724 --- [clothingstore] [main] c.c.ClothingstoreApplication             : Started ClothingstoreApplication in 9.713 seconds (process running for 10.976)
2025-05-05T10:00:09.975+03:00  INFO 8724 --- [clothingstore] [http-nio-8080-exec-1] o.a.c.c.C.[Tomcat].[localhost].[/]       : Initializing Spring DispatcherServlet 'dispatcherServlet'
2025-05-05T10:00:09.976+03:00  INFO 8724 --- [clothingstore] [http-nio-8080-exec-1] o.s.web.servlet.DispatcherServlet        : Initializing Servlet 'dispatcherServlet'
2025-05-05T10:00:09.978+03:00  INFO 8724 --- [clothingstore] [http-nio-8080-exec-1] o.s.web.servlet.DispatcherServlet        : Completed initialization in 2 ms
2025-05-05T10:00:10.050+03:00  INFO 8724 --- [clothingstore] [http-nio-8080-exec-1] c.clothingstore.logging.LoggingAspect    : Вызов метода: LogController.createLogFile()
2025-05-05T10:00:10.063+03:00  INFO 8724 --- [clothingstore] [http-nio-8080-exec-1] c.clothingstore.logging.LoggingAspect    : Метод createLogFile завершился успешно. Результат: <202 ACCEPTED Accepted,Task started. ID: 1,[]>
2025-05-05T10:00:12.850+03:00  INFO 8724 --- [clothingstore] [http-nio-8080-exec-3] c.clothingstore.logging.LoggingAspect    : Вызов метода: LogController.getStatus(..)
2025-05-05T10:00:12.852+03:00  INFO 8724 --- [clothingstore] [http-nio-8080-exec-3] c.clothingstore.logging.LoggingAspect    : Метод getStatus завершился успешно. Результат: <200 OK OK,PROCESSING,[]>
