2025-04-30T09:05:47.682+03:00  INFO 10652 --- [clothingstore] [main] c.c.ClothingstoreApplication             : Starting ClothingstoreApplication using Java 23.0.2 with PID 10652 (C:\java.pr\clothingstore\target\classes started by kamin in C:\java.pr\clothingstore)
2025-04-30T09:05:47.690+03:00 DEBUG 10652 --- [clothingstore] [main] c.c.ClothingstoreApplication             : Running with Spring Boot v3.4.3, Spring v6.2.3
2025-04-30T09:05:47.691+03:00  INFO 10652 --- [clothingstore] [main] c.c.ClothingstoreApplication             : No active profile set, falling back to 1 default profile: "default"
2025-04-30T09:05:48.638+03:00  INFO 10652 --- [clothingstore] [main] .s.d.r.c.RepositoryConfigurationDelegate : Bootstrapping Spring Data JPA repositories in DEFAULT mode.
2025-04-30T09:05:48.710+03:00  INFO 10652 --- [clothingstore] [main] .s.d.r.c.RepositoryConfigurationDelegate : Finished Spring Data repository scanning in 58 ms. Found 2 JPA repository interfaces.
2025-04-30T09:05:50.153+03:00  INFO 10652 --- [clothingstore] [main] o.s.b.w.embedded.tomcat.TomcatWebServer  : Tomcat initialized with port 8080 (http)
2025-04-30T09:05:50.172+03:00  INFO 10652 --- [clothingstore] [main] o.apache.catalina.core.StandardService   : Starting service [Tomcat]
2025-04-30T09:05:50.173+03:00  INFO 10652 --- [clothingstore] [main] o.apache.catalina.core.StandardEngine    : Starting Servlet engine: [Apache Tomcat/10.1.36]
2025-04-30T09:05:50.268+03:00  INFO 10652 --- [clothingstore] [main] o.a.c.c.C.[Tomcat].[localhost].[/]       : Initializing Spring embedded WebApplicationContext
2025-04-30T09:05:50.269+03:00  INFO 10652 --- [clothingstore] [main] w.s.c.ServletWebServerApplicationContext : Root WebApplicationContext: initialization completed in 2458 ms
2025-04-30T09:05:50.566+03:00  INFO 10652 --- [clothingstore] [main] o.hibernate.jpa.internal.util.LogHelper  : HHH000204: Processing PersistenceUnitInfo [name: default]
2025-04-30T09:05:50.667+03:00  INFO 10652 --- [clothingstore] [main] org.hibernate.Version                    : HHH000412: Hibernate ORM core version 6.6.8.Final
2025-04-30T09:05:50.719+03:00  INFO 10652 --- [clothingstore] [main] o.h.c.internal.RegionFactoryInitiator    : HHH000026: Second-level cache disabled
2025-04-30T09:05:51.175+03:00  INFO 10652 --- [clothingstore] [main] o.s.o.j.p.SpringPersistenceUnitInfo      : No LoadTimeWeaver setup: ignoring JPA class transformer
2025-04-30T09:05:51.224+03:00  INFO 10652 --- [clothingstore] [main] com.zaxxer.hikari.HikariDataSource       : HikariPool-1 - Starting...
2025-04-30T09:05:51.964+03:00  INFO 10652 --- [clothingstore] [main] com.zaxxer.hikari.pool.HikariPool        : HikariPool-1 - Added connection org.postgresql.jdbc.PgConnection@45c423b3
2025-04-30T09:05:51.966+03:00  INFO 10652 --- [clothingstore] [main] com.zaxxer.hikari.HikariDataSource       : HikariPool-1 - Start completed.
2025-04-30T09:05:52.400+03:00  INFO 10652 --- [clothingstore] [main] org.hibernate.orm.connections.pooling    : HHH10001005: Database info:
	Database JDBC URL [Connecting through datasource 'HikariDataSource (HikariPool-1)']
	Database driver: undefined/unknown
	Database version: 17.4
	Autocommit mode: undefined/unknown
	Isolation level: undefined/unknown
	Minimum pool size: undefined/unknown
	Maximum pool size: undefined/unknown
2025-04-30T09:05:53.923+03:00  INFO 10652 --- [clothingstore] [main] o.h.e.t.j.p.i.JtaPlatformInitiator       : HHH000489: No JTA platform available (set 'hibernate.transaction.jta.platform' to enable JTA platform integration)
2025-04-30T09:05:54.500+03:00  INFO 10652 --- [clothingstore] [main] j.LocalContainerEntityManagerFactoryBean : Initialized JPA EntityManagerFactory for persistence unit 'default'
2025-04-30T09:05:55.078+03:00  INFO 10652 --- [clothingstore] [main] o.s.d.j.r.query.QueryEnhancerFactory     : Hibernate is in classpath; If applicable, HQL parser will be used.
2025-04-30T09:05:56.279+03:00  WARN 10652 --- [clothingstore] [main] JpaBaseConfiguration$JpaWebConfiguration : spring.jpa.open-in-view is enabled by default. Therefore, database queries may be performed during view rendering. Explicitly configure spring.jpa.open-in-view to disable this warning
2025-04-30T09:05:57.316+03:00  INFO 10652 --- [clothingstore] [main] o.s.b.w.embedded.tomcat.TomcatWebServer  : Tomcat started on port 8080 (http) with context path '/'
2025-04-30T09:05:57.326+03:00  INFO 10652 --- [clothingstore] [main] c.c.ClothingstoreApplication             : Started ClothingstoreApplication in 10.628 seconds (process running for 11.972)
2025-04-30T09:06:57.401+03:00  INFO 10652 --- [clothingstore] [http-nio-8080-exec-2] o.a.c.c.C.[Tomcat].[localhost].[/]       : Initializing Spring DispatcherServlet 'dispatcherServlet'
2025-04-30T09:06:57.402+03:00  INFO 10652 --- [clothingstore] [http-nio-8080-exec-2] o.s.web.servlet.DispatcherServlet        : Initializing Servlet 'dispatcherServlet'
2025-04-30T09:06:57.405+03:00  INFO 10652 --- [clothingstore] [http-nio-8080-exec-2] o.s.web.servlet.DispatcherServlet        : Completed initialization in 1 ms
2025-04-30T09:06:57.482+03:00  INFO 10652 --- [clothingstore] [http-nio-8080-exec-2] c.clothingstore.logging.LoggingAspect    : Вызов метода: LogController.createLogFile()
